2023-09-24T04:40:19.459Z [INFO]: Client IP ::1 - GET -
  /products - Request Headers {"authorization":"Bearer eyJhbGciOiJIUzI1NiIsInR5cCI6IkpXVCJ9.eyJlbWFpbCI6InZpbmF5a2FubmEzNjdAZ21haWwuY29tIiwiaWF0IjoxNjk1NTI3NzIyLCJleHAiOjE2OTU2MTQxMjJ9.LMo2aDuCdJbAeYC-slDZxvPqDwp3o1t8K_vOagKgvGU","user-agent":"PostmanRuntime/7.32.1","accept":"*/*","cache-control":"no-cache","postman-token":"30a1cce3-37ad-4c96-af92-e6a4ce769939","host":"localhost:5000","accept-encoding":"gzip, deflate, br","connection":"keep-alive"}
2023-09-24T04:42:13.310Z [INFO]: Client IP ::1 - GET - /products
  - Request Headers {"authorization":"Bearer eyJhbGciOiJIUzI1NiIsInR5cCI6IkpXVCJ9.eyJlbWFpbCI6InZpbmF5a2FubmEzNjdAZ21haWwuY29tIiwiaWF0IjoxNjk1NTI3NzIyLCJleHAiOjE2OTU2MTQxMjJ9.LMo2aDuCdJbAeYC-slDZxvPqDwp3o1t8K_vOagKgvGU","user-agent":"PostmanRuntime/7.32.1","accept":"*/*","cache-control":"no-cache","postman-token":"129b2fd6-6150-485a-98cb-5277bea13592","host":"localhost:5000","accept-encoding":"gzip, deflate, br","connection":"keep-alive"}
2023-09-24T04:44:10.800Z [INFO]: Client IP ::1 - User Agent PostmanRuntime/7.32.1 - Method GET - URL /products
  - Request Headers {"authorization":"Bearer eyJhbGciOiJIUzI1NiIsInR5cCI6IkpXVCJ9.eyJlbWFpbCI6InZpbmF5a2FubmEzNjdAZ21haWwuY29tIiwiaWF0IjoxNjk1NTI3NzIyLCJleHAiOjE2OTU2MTQxMjJ9.LMo2aDuCdJbAeYC-slDZxvPqDwp3o1t8K_vOagKgvGU","user-agent":"PostmanRuntime/7.32.1","accept":"*/*","cache-control":"no-cache","postman-token":"37c5c54a-b74f-4af0-aeb5-1c69b263279f","host":"localhost:5000","accept-encoding":"gzip, deflate, br","connection":"keep-alive"}
2023-09-24T04:44:40.541Z [INFO]: Client IP ::1 - User Agent PostmanRuntime/7.32.1 
  - Method GET - URL /products
  - Request Headers {"authorization":"Bearer eyJhbGciOiJIUzI1NiIsInR5cCI6IkpXVCJ9.eyJlbWFpbCI6InZpbmF5a2FubmEzNjdAZ21haWwuY29tIiwiaWF0IjoxNjk1NTI3NzIyLCJleHAiOjE2OTU2MTQxMjJ9.LMo2aDuCdJbAeYC-slDZxvPqDwp3o1t8K_vOagKgvGU","user-agent":"PostmanRuntime/7.32.1","accept":"*/*","cache-control":"no-cache","postman-token":"459d832c-e8f6-474c-b397-7f116f9d3dd1","host":"localhost:5000","accept-encoding":"gzip, deflate, br","connection":"keep-alive"}
2023-09-24T04:46:07.877Z [INFO]: Client IP ::1 - User Agent [91mPostmanRuntime/7.32.1[39m 
  - Method GET - URL /products
  - Request Headers {"authorization":"Bearer eyJhbGciOiJIUzI1NiIsInR5cCI6IkpXVCJ9.eyJlbWFpbCI6InZpbmF5a2FubmEzNjdAZ21haWwuY29tIiwiaWF0IjoxNjk1NTI3NzIyLCJleHAiOjE2OTU2MTQxMjJ9.LMo2aDuCdJbAeYC-slDZxvPqDwp3o1t8K_vOagKgvGU","user-agent":"PostmanRuntime/7.32.1","accept":"*/*","cache-control":"no-cache","postman-token":"18523330-3697-4445-a8e3-6e1a1549246e","host":"localhost:5000","accept-encoding":"gzip, deflate, br","connection":"keep-alive"}
2023-09-24T04:48:46.697Z [INFO]: Client IP - ::1 | User Agent - PostmanRuntime/7.32.1 
  | Method - GET | URL - /products
  | Request Headers - {"authorization":"Bearer eyJhbGciOiJIUzI1NiIsInR5cCI6IkpXVCJ9.eyJlbWFpbCI6InZpbmF5a2FubmEzNjdAZ21haWwuY29tIiwiaWF0IjoxNjk1NTI3NzIyLCJleHAiOjE2OTU2MTQxMjJ9.LMo2aDuCdJbAeYC-slDZxvPqDwp3o1t8K_vOagKgvGU","user-agent":"PostmanRuntime/7.32.1","accept":"*/*","cache-control":"no-cache","postman-token":"3ae28d29-6e03-4101-b5b4-ace5c1efd0c6","host":"localhost:5000","accept-encoding":"gzip, deflate, br","connection":"keep-alive"}
2023-09-24T04:52:09.282Z [INFO]: Client IP - ::1 | User Agent - PostmanRuntime/7.32.1 
  | Method - GET | URL - /products
  | Request Headers - {"authorization":"Bearer eyJhbGciOiJIUzI1NiIsInR5cCI6IkpXVCJ9.eyJlbWFpbCI6InZpbmF5a2FubmEzNjdAZ21haWwuY29tIiwiaWF0IjoxNjk1NTI3NzIyLCJleHAiOjE2OTU2MTQxMjJ9.LMo2aDuCdJbAeYC-slDZxvPqDwp3o1t8K_vOagKgvGU","user-agent":"PostmanRuntime/7.32.1","accept":"*/*","cache-control":"no-cache","postman-token":"8a7d68ca-3140-477e-b565-c73e1d0ace88","host":"localhost:5000","accept-encoding":"gzip, deflate, br","connection":"keep-alive"}
2023-09-25T06:07:11.771Z [INFO]: Client IP - ::1 | User Agent - Mozilla/5.0 (Macintosh; Intel Mac OS X 10_15_7) AppleWebKit/537.36 (KHTML, like Gecko) Chrome/117.0.0.0 Safari/537.36 
  | Method - POST | URL - /users/signin
  | Request Headers - {"host":"localhost:5000","connection":"keep-alive","content-length":"58","sec-ch-ua":"\"Google Chrome\";v=\"117\", \"Not;A=Brand\";v=\"8\", \"Chromium\";v=\"117\"","accept":"application/json, text/plain, */*","content-type":"application/json","sec-ch-ua-mobile":"?0","user-agent":"Mozilla/5.0 (Macintosh; Intel Mac OS X 10_15_7) AppleWebKit/537.36 (KHTML, like Gecko) Chrome/117.0.0.0 Safari/537.36","sec-ch-ua-platform":"\"macOS\"","origin":"http://localhost:5173","sec-fetch-site":"same-site","sec-fetch-mode":"cors","sec-fetch-dest":"empty","referer":"http://localhost:5173/","accept-encoding":"gzip, deflate, br","accept-language":"en-US,en-IN;q=0.9,en;q=0.8"}
2023-09-25T06:12:57.839Z [INFO]: Client IP - ::1 | User Agent - Mozilla/5.0 (Macintosh; Intel Mac OS X 10_15_7) AppleWebKit/537.36 (KHTML, like Gecko) Chrome/117.0.0.0 Safari/537.36 
  | Method - POST | URL - /users/signin
  | Request Headers - {"host":"localhost:5000","connection":"keep-alive","content-length":"58","sec-ch-ua":"\"Google Chrome\";v=\"117\", \"Not;A=Brand\";v=\"8\", \"Chromium\";v=\"117\"","accept":"application/json, text/plain, */*","content-type":"application/json","sec-ch-ua-mobile":"?0","user-agent":"Mozilla/5.0 (Macintosh; Intel Mac OS X 10_15_7) AppleWebKit/537.36 (KHTML, like Gecko) Chrome/117.0.0.0 Safari/537.36","sec-ch-ua-platform":"\"macOS\"","origin":"http://localhost:5173","sec-fetch-site":"same-site","sec-fetch-mode":"cors","sec-fetch-dest":"empty","referer":"http://localhost:5173/","accept-encoding":"gzip, deflate, br","accept-language":"en-US,en-IN;q=0.9,en;q=0.8"}
